INFO:root:Namespace(batch_size=16, bottleneck_channels=128, cd=6, convolution_operator='AGC', cs=6, dropout=0.1, dropout_att=0.5, forecast_horizon=[3], gpu=True, h_batch_size=None, h_bottleneck_channels=None, h_dropout=None, h_dropout_att=None, h_lr=None, h_spatial_channels=None, hidden_state_size=264, k=8, learnable_l=False, log_file='./studies/agc.log', lr=0.001, mode='train', model='P3D', model_name='AGC', my_config='./configs/agc.yml', n_epochs=30, n_hid=100, n_trials=100, nclass=1, nhid_multipliers=None, num_features=2, num_nodes=207, num_units=1000, pickled_files='metr_la/adj_mx_la.pkl', save_model=True, seq_len=12, spatial_channels=96, test_file='./data/metr_la/test_sts.npz', toy_data=False, train_file='./data/metr_la/train_sts.npz', val_file='./data/metr_la/val_sts.npz', weight_decay=0.95)
INFO:__main__:epoch: 0
INFO:__main__:Mean train-loss over batch: 197.2187
INFO:__main__:Mean validation-loss over batch: 161.2552
INFO:__main__:Save model to path on epoch 0
INFO:__main__:epoch: 1
INFO:__main__:Mean train-loss over batch: 151.6675
INFO:__main__:Mean validation-loss over batch: 152.1085
INFO:__main__:Save model to path on epoch 1
INFO:__main__:epoch: 2
INFO:__main__:Mean train-loss over batch: 140.5001
INFO:__main__:Mean validation-loss over batch: 141.1321
INFO:__main__:Save model to path on epoch 2
INFO:__main__:epoch: 3
INFO:__main__:Mean train-loss over batch: 134.8979
INFO:__main__:Mean validation-loss over batch: 137.9936
INFO:__main__:Save model to path on epoch 3
INFO:__main__:epoch: 4
INFO:__main__:Mean train-loss over batch: 130.2391
INFO:__main__:Mean validation-loss over batch: 133.1786
INFO:__main__:Save model to path on epoch 4
INFO:__main__:epoch: 5
INFO:__main__:Mean train-loss over batch: 126.9917
INFO:__main__:Mean validation-loss over batch: 130.7403
INFO:__main__:Save model to path on epoch 5
INFO:__main__:epoch: 6
INFO:__main__:Mean train-loss over batch: 125.5477
INFO:__main__:Mean validation-loss over batch: 127.1616
INFO:__main__:Save model to path on epoch 6
INFO:__main__:epoch: 7
INFO:__main__:Mean train-loss over batch: 120.8958
INFO:__main__:Mean validation-loss over batch: 128.0252
INFO:__main__:epoch: 8
INFO:__main__:Mean train-loss over batch: 119.7590
INFO:__main__:Mean validation-loss over batch: 132.0276
INFO:__main__:epoch: 9
INFO:__main__:Mean train-loss over batch: 117.5226
INFO:__main__:Mean validation-loss over batch: 124.1602
INFO:__main__:Save model to path on epoch 9
INFO:__main__:epoch: 10
INFO:__main__:Mean train-loss over batch: 116.0363
INFO:__main__:Mean validation-loss over batch: 125.1097
INFO:__main__:epoch: 11
INFO:__main__:Mean train-loss over batch: 114.8662
INFO:__main__:Mean validation-loss over batch: 124.7830
INFO:__main__:epoch: 12
INFO:__main__:Mean train-loss over batch: 113.8887
INFO:__main__:Mean validation-loss over batch: 119.8944
INFO:__main__:Save model to path on epoch 12
INFO:__main__:epoch: 13
INFO:__main__:Mean train-loss over batch: 111.9156
INFO:__main__:Mean validation-loss over batch: 124.6982
INFO:__main__:epoch: 14
INFO:__main__:Mean train-loss over batch: 111.8006
INFO:__main__:Mean validation-loss over batch: 120.3424
INFO:__main__:epoch: 15
INFO:__main__:Mean train-loss over batch: 110.2623
INFO:__main__:Mean validation-loss over batch: 120.9046
INFO:__main__:epoch: 16
INFO:__main__:Mean train-loss over batch: 107.7872
INFO:__main__:Mean validation-loss over batch: 118.3509
INFO:__main__:Save model to path on epoch 16
INFO:__main__:epoch: 17
INFO:__main__:Mean train-loss over batch: 108.3657
INFO:__main__:Mean validation-loss over batch: 123.3185
INFO:__main__:epoch: 18
INFO:__main__:Mean train-loss over batch: 106.7737
INFO:__main__:Mean validation-loss over batch: 120.7554
INFO:__main__:epoch: 19
INFO:__main__:Mean train-loss over batch: 105.0498
INFO:__main__:Mean validation-loss over batch: 118.7304
INFO:__main__:epoch: 20
INFO:__main__:Mean train-loss over batch: 104.5047
INFO:__main__:Mean validation-loss over batch: 122.6814
INFO:__main__:epoch: 21
INFO:__main__:Mean train-loss over batch: 102.6001
INFO:__main__:Mean validation-loss over batch: 117.0271
INFO:__main__:Save model to path on epoch 21
INFO:__main__:epoch: 22
INFO:__main__:Mean train-loss over batch: 102.4238
INFO:__main__:Mean validation-loss over batch: 115.3018
INFO:__main__:Save model to path on epoch 22
INFO:__main__:epoch: 23
INFO:__main__:Mean train-loss over batch: 100.3387
INFO:__main__:Mean validation-loss over batch: 116.1735
INFO:__main__:epoch: 24
INFO:__main__:Mean train-loss over batch: 100.2326
INFO:__main__:Mean validation-loss over batch: 117.1277
INFO:__main__:epoch: 25
INFO:__main__:Mean train-loss over batch: 100.0209
INFO:__main__:Mean validation-loss over batch: 114.0042
INFO:__main__:Save model to path on epoch 25
INFO:__main__:epoch: 26
INFO:__main__:Mean train-loss over batch: 98.2416
INFO:__main__:Mean validation-loss over batch: 115.4985
INFO:__main__:epoch: 27
INFO:__main__:Mean train-loss over batch: 97.7262
INFO:__main__:Mean validation-loss over batch: 121.8296
INFO:__main__:epoch: 28
INFO:__main__:Mean train-loss over batch: 99.5857
INFO:__main__:Mean validation-loss over batch: 114.5150
INFO:__main__:epoch: 29
INFO:__main__:Mean train-loss over batch: 96.6774
INFO:__main__:Mean validation-loss over batch: 113.0784
INFO:__main__:Save model to path on epoch 29
INFO:root:Namespace(batch_size=16, bottleneck_channels=128, cd=6, convolution_operator='AGC', cs=6, dropout=0.1, dropout_att=0.5, forecast_horizon=[3], gpu=True, h_batch_size=None, h_bottleneck_channels=None, h_dropout=None, h_dropout_att=None, h_lr=None, h_spatial_channels=None, hidden_state_size=264, k=8, learnable_l=False, log_file='./studies/agc.log', lr=0.001, mode='test', model='P3D', model_name='AGC', my_config='./configs/agc.yml', n_epochs=30, n_hid=100, n_trials=100, nclass=1, nhid_multipliers=None, num_features=2, num_nodes=207, num_units=1000, pickled_files='metr_la/adj_mx_la.pkl', save_model=True, seq_len=12, spatial_channels=96, test_file='./data/metr_la/test_sts.npz', toy_data=False, train_file='./data/metr_la/train_sts.npz', val_file='./data/metr_la/val_sts.npz', weight_decay=0.95)
INFO:__main__:Iterate over the test-split...
INFO:__main__:Mean loss over test dataset: 160.3521
