INFO:root:Namespace(batch_size=16, bottleneck_channels=128, cd=6, convolution_operator='ASGC', cs=6, dropout=0.1, dropout_att=0.5, forecast_horizon=[3], gpu=True, h_batch_size=None, h_bottleneck_channels=None, h_dropout=None, h_dropout_att=None, h_lr=None, h_spatial_channels=None, hidden_state_size=264, k=8, learnable_l=False, log_file='./studies/asgc.log', lr=0.001, mode='train', model='P3D', model_name='ASGC', my_config='./configs/asgc.yml', n_epochs=30, n_hid=100, n_trials=100, nclass=1, nhid_multipliers=None, num_features=2, num_nodes=207, num_units=1000, pickled_files='metr_la/adj_mx_la.pkl', save_model=True, seq_len=12, spatial_channels=96, test_file='./data/metr_la/test_sts.npz', toy_data=False, train_file='./data/metr_la/train_sts.npz', val_file='./data/metr_la/val_sts.npz', weight_decay=0.95)
INFO:__main__:epoch: 0
INFO:__main__:Mean train-loss over batch: 179.0752
INFO:__main__:Mean validation-loss over batch: 134.0480
INFO:__main__:Save model to path on epoch 0
INFO:__main__:epoch: 1
INFO:__main__:Mean train-loss over batch: 119.8318
INFO:__main__:Mean validation-loss over batch: 125.8114
INFO:__main__:Save model to path on epoch 1
INFO:__main__:epoch: 2
INFO:__main__:Mean train-loss over batch: 108.6922
INFO:__main__:Mean validation-loss over batch: 115.1228
INFO:__main__:Save model to path on epoch 2
INFO:__main__:epoch: 3
INFO:__main__:Mean train-loss over batch: 101.0272
INFO:__main__:Mean validation-loss over batch: 130.5080
INFO:__main__:epoch: 4
INFO:__main__:Mean train-loss over batch: 97.8412
INFO:__main__:Mean validation-loss over batch: 104.9287
INFO:__main__:Save model to path on epoch 4
INFO:__main__:epoch: 5
INFO:__main__:Mean train-loss over batch: 93.1710
INFO:__main__:Mean validation-loss over batch: 104.8460
INFO:__main__:Save model to path on epoch 5
INFO:__main__:epoch: 6
INFO:__main__:Mean train-loss over batch: 90.4644
INFO:__main__:Mean validation-loss over batch: 98.8339
INFO:__main__:Save model to path on epoch 6
INFO:__main__:epoch: 7
INFO:__main__:Mean train-loss over batch: 88.0102
INFO:__main__:Mean validation-loss over batch: 96.0623
INFO:__main__:Save model to path on epoch 7
INFO:__main__:epoch: 8
INFO:__main__:Mean train-loss over batch: 86.9489
INFO:__main__:Mean validation-loss over batch: 96.2806
INFO:__main__:epoch: 9
INFO:__main__:Mean train-loss over batch: 85.2070
INFO:__main__:Mean validation-loss over batch: 97.5309
INFO:__main__:epoch: 10
INFO:__main__:Mean train-loss over batch: 83.6716
INFO:__main__:Mean validation-loss over batch: 95.9798
INFO:__main__:Save model to path on epoch 10
INFO:__main__:epoch: 11
INFO:__main__:Mean train-loss over batch: 82.6784
INFO:__main__:Mean validation-loss over batch: 93.9168
INFO:__main__:Save model to path on epoch 11
INFO:__main__:epoch: 12
INFO:__main__:Mean train-loss over batch: 80.6803
INFO:__main__:Mean validation-loss over batch: 101.9241
INFO:__main__:epoch: 13
INFO:__main__:Mean train-loss over batch: 80.6715
INFO:__main__:Mean validation-loss over batch: 94.7142
INFO:__main__:epoch: 14
INFO:__main__:Mean train-loss over batch: 79.2168
INFO:__main__:Mean validation-loss over batch: 105.0913
INFO:__main__:epoch: 15
INFO:__main__:Mean train-loss over batch: 78.7430
INFO:__main__:Mean validation-loss over batch: 97.8789
INFO:__main__:epoch: 16
INFO:__main__:Mean train-loss over batch: 78.1882
INFO:__main__:Mean validation-loss over batch: 103.4137
INFO:__main__:epoch: 17
INFO:__main__:Mean train-loss over batch: 76.5749
INFO:__main__:Mean validation-loss over batch: 92.7266
INFO:__main__:Save model to path on epoch 17
INFO:__main__:epoch: 18
INFO:__main__:Mean train-loss over batch: 75.6914
INFO:__main__:Mean validation-loss over batch: 92.4650
INFO:__main__:Save model to path on epoch 18
INFO:__main__:epoch: 19
INFO:__main__:Mean train-loss over batch: 75.0149
INFO:__main__:Mean validation-loss over batch: 94.3478
INFO:__main__:epoch: 20
INFO:__main__:Mean train-loss over batch: 73.6447
INFO:__main__:Mean validation-loss over batch: 94.1971
INFO:__main__:epoch: 21
INFO:__main__:Mean train-loss over batch: 73.5924
INFO:__main__:Mean validation-loss over batch: 93.6247
INFO:__main__:epoch: 22
INFO:__main__:Mean train-loss over batch: 72.9443
INFO:__main__:Mean validation-loss over batch: 99.3589
INFO:__main__:epoch: 23
INFO:__main__:Mean train-loss over batch: 71.7973
INFO:__main__:Mean validation-loss over batch: 98.9233
INFO:__main__:epoch: 24
INFO:__main__:Mean train-loss over batch: 71.1807
INFO:__main__:Mean validation-loss over batch: 92.9188
INFO:__main__:epoch: 25
INFO:__main__:Mean train-loss over batch: 70.4095
INFO:__main__:Mean validation-loss over batch: 102.5065
INFO:__main__:epoch: 26
INFO:__main__:Mean train-loss over batch: 69.8967
INFO:__main__:Mean validation-loss over batch: 107.4699
INFO:__main__:epoch: 27
INFO:__main__:Mean train-loss over batch: 70.0510
INFO:__main__:Mean validation-loss over batch: 93.4402
INFO:__main__:epoch: 28
INFO:__main__:Mean train-loss over batch: 68.7373
INFO:__main__:Mean validation-loss over batch: 92.3484
INFO:__main__:Save model to path on epoch 28
INFO:__main__:epoch: 29
INFO:__main__:Mean train-loss over batch: 68.0243
INFO:__main__:Mean validation-loss over batch: 96.3291
INFO:root:Namespace(batch_size=16, bottleneck_channels=128, cd=6, convolution_operator='ASGC', cs=6, dropout=0.1, dropout_att=0.5, forecast_horizon=[3], gpu=True, h_batch_size=None, h_bottleneck_channels=None, h_dropout=None, h_dropout_att=None, h_lr=None, h_spatial_channels=None, hidden_state_size=264, k=8, learnable_l=False, log_file='./studies/asgc.log', lr=0.001, mode='test', model='P3D', model_name='ASGC', my_config='./configs/asgc.yml', n_epochs=30, n_hid=100, n_trials=100, nclass=1, nhid_multipliers=None, num_features=2, num_nodes=207, num_units=1000, pickled_files='metr_la/adj_mx_la.pkl', save_model=True, seq_len=12, spatial_channels=96, test_file='./data/metr_la/test_sts.npz', toy_data=False, train_file='./data/metr_la/train_sts.npz', val_file='./data/metr_la/val_sts.npz', weight_decay=0.95)
INFO:__main__:Iterate over the test-split...
INFO:__main__:Mean loss over test dataset: 149.7139
