INFO:root:Namespace(batch_size=16, bottleneck_channels=128, cd=6, convolution_operator='GC', cs=6, dropout=0.1, dropout_att=0.5, forecast_horizon=[3], gpu=True, h_batch_size=None, h_bottleneck_channels=None, h_dropout=None, h_dropout_att=None, h_lr=None, h_spatial_channels=None, hidden_state_size=264, k=8, learnable_l=False, log_file='./studies/gc-nl.log', lr=0.001, mode='train', model='P3D', model_name='GC-nl', my_config='./configs/gc-nl.yml', n_epochs=30, n_hid=100, n_trials=100, nclass=1, nhid_multipliers=None, num_features=2, num_nodes=207, num_units=1000, pickled_files='metr_la/adj_mx_la.pkl', save_model=True, seq_len=12, spatial_channels=96, test_file='./data/metr_la/test_sts.npz', toy_data=False, train_file='./data/metr_la/train_sts.npz', val_file='./data/metr_la/val_sts.npz', weight_decay=0.95)
INFO:__main__:epoch: 0
INFO:__main__:Mean train-loss over batch: 205.9711
INFO:__main__:Mean validation-loss over batch: 178.3263
INFO:__main__:Save model to path on epoch 0
INFO:__main__:epoch: 1
INFO:__main__:Mean train-loss over batch: 145.9172
INFO:__main__:Mean validation-loss over batch: 137.8484
INFO:__main__:Save model to path on epoch 1
INFO:__main__:epoch: 2
INFO:__main__:Mean train-loss over batch: 128.9130
INFO:__main__:Mean validation-loss over batch: 122.6736
INFO:__main__:Save model to path on epoch 2
INFO:__main__:epoch: 3
INFO:__main__:Mean train-loss over batch: 116.9111
INFO:__main__:Mean validation-loss over batch: 116.2922
INFO:__main__:Save model to path on epoch 3
INFO:__main__:epoch: 4
INFO:__main__:Mean train-loss over batch: 108.9737
INFO:__main__:Mean validation-loss over batch: 122.3841
INFO:__main__:epoch: 5
INFO:__main__:Mean train-loss over batch: 103.5758
INFO:__main__:Mean validation-loss over batch: 109.8224
INFO:__main__:Save model to path on epoch 5
INFO:__main__:epoch: 6
INFO:__main__:Mean train-loss over batch: 97.9263
INFO:__main__:Mean validation-loss over batch: 114.1758
INFO:__main__:epoch: 7
INFO:__main__:Mean train-loss over batch: 95.3058
INFO:__main__:Mean validation-loss over batch: 108.1447
INFO:__main__:Save model to path on epoch 7
INFO:__main__:epoch: 8
INFO:__main__:Mean train-loss over batch: 92.8862
INFO:__main__:Mean validation-loss over batch: 105.1990
INFO:__main__:Save model to path on epoch 8
INFO:__main__:epoch: 9
INFO:__main__:Mean train-loss over batch: 90.7687
INFO:__main__:Mean validation-loss over batch: 109.1783
INFO:__main__:epoch: 10
INFO:__main__:Mean train-loss over batch: 89.2905
INFO:__main__:Mean validation-loss over batch: 104.9889
INFO:__main__:Save model to path on epoch 10
INFO:__main__:epoch: 11
INFO:__main__:Mean train-loss over batch: 87.9307
INFO:__main__:Mean validation-loss over batch: 102.6878
INFO:__main__:Save model to path on epoch 11
INFO:__main__:epoch: 12
INFO:__main__:Mean train-loss over batch: 86.7734
INFO:__main__:Mean validation-loss over batch: 94.9941
INFO:__main__:Save model to path on epoch 12
INFO:__main__:epoch: 13
INFO:__main__:Mean train-loss over batch: 85.5790
INFO:__main__:Mean validation-loss over batch: 101.3189
INFO:__main__:epoch: 14
INFO:__main__:Mean train-loss over batch: 84.7181
INFO:__main__:Mean validation-loss over batch: 94.8673
INFO:__main__:Save model to path on epoch 14
INFO:__main__:epoch: 15
INFO:__main__:Mean train-loss over batch: 83.8876
INFO:__main__:Mean validation-loss over batch: 98.0714
INFO:__main__:epoch: 16
INFO:__main__:Mean train-loss over batch: 82.4182
INFO:__main__:Mean validation-loss over batch: 94.5967
INFO:__main__:Save model to path on epoch 16
INFO:__main__:epoch: 17
INFO:__main__:Mean train-loss over batch: 81.9968
INFO:__main__:Mean validation-loss over batch: 103.3032
INFO:__main__:epoch: 18
INFO:__main__:Mean train-loss over batch: 81.6730
INFO:__main__:Mean validation-loss over batch: 93.0484
INFO:__main__:Save model to path on epoch 18
INFO:__main__:epoch: 19
INFO:__main__:Mean train-loss over batch: 81.3538
INFO:__main__:Mean validation-loss over batch: 95.2513
INFO:__main__:epoch: 20
INFO:__main__:Mean train-loss over batch: 80.2272
INFO:__main__:Mean validation-loss over batch: 93.5421
INFO:__main__:epoch: 21
INFO:__main__:Mean train-loss over batch: 79.9452
INFO:__main__:Mean validation-loss over batch: 96.2482
INFO:__main__:epoch: 22
INFO:__main__:Mean train-loss over batch: 79.3431
INFO:__main__:Mean validation-loss over batch: 93.4854
INFO:__main__:epoch: 23
INFO:__main__:Mean train-loss over batch: 78.8966
INFO:__main__:Mean validation-loss over batch: 98.6477
INFO:__main__:epoch: 24
INFO:__main__:Mean train-loss over batch: 78.6146
INFO:__main__:Mean validation-loss over batch: 94.7408
INFO:__main__:epoch: 25
INFO:__main__:Mean train-loss over batch: 77.6561
INFO:__main__:Mean validation-loss over batch: 95.8794
INFO:__main__:epoch: 26
INFO:__main__:Mean train-loss over batch: 77.6335
INFO:__main__:Mean validation-loss over batch: 101.0789
INFO:__main__:epoch: 27
INFO:__main__:Mean train-loss over batch: 77.7630
INFO:__main__:Mean validation-loss over batch: 96.5836
INFO:__main__:epoch: 28
INFO:__main__:Mean train-loss over batch: 76.9051
INFO:__main__:Mean validation-loss over batch: 95.5004
INFO:__main__:epoch: 29
INFO:__main__:Mean train-loss over batch: 76.6136
INFO:__main__:Mean validation-loss over batch: 93.1625
INFO:root:Namespace(batch_size=16, bottleneck_channels=128, cd=6, convolution_operator='GC', cs=6, dropout=0.1, dropout_att=0.5, forecast_horizon=[3], gpu=True, h_batch_size=None, h_bottleneck_channels=None, h_dropout=None, h_dropout_att=None, h_lr=None, h_spatial_channels=None, hidden_state_size=264, k=8, learnable_l=False, log_file='./studies/gc-nl.log', lr=0.001, mode='test', model='P3D', model_name='GC-nl', my_config='./configs/gc-nl.yml', n_epochs=30, n_hid=100, n_trials=100, nclass=1, nhid_multipliers=None, num_features=2, num_nodes=207, num_units=1000, pickled_files='metr_la/adj_mx_la.pkl', save_model=True, seq_len=12, spatial_channels=96, test_file='./data/metr_la/test_sts.npz', toy_data=False, train_file='./data/metr_la/train_sts.npz', val_file='./data/metr_la/val_sts.npz', weight_decay=0.95)
INFO:__main__:Iterate over the test-split...
INFO:__main__:Mean loss over test dataset: 136.6040
INFO:root:Namespace(batch_size=16, bottleneck_channels=128, cd=6, convolution_operator='GC', cs=6, dropout=0.1, dropout_att=0.5, forecast_horizon=[3], gpu=True, h_batch_size=None, h_bottleneck_channels=None, h_dropout=None, h_dropout_att=None, h_lr=None, h_spatial_channels=None, hidden_state_size=264, k=8, learnable_l=False, log_file='./studies/gc-nl.log', lr=0.001, mode='test', model='P3D', model_name='GC-nl', my_config='./configs/gc-nl.yml', n_epochs=30, n_hid=100, n_trials=100, nclass=1, nhid_multipliers=None, num_features=2, num_nodes=207, num_units=1000, pickled_files='metr_la/adj_mx_la.pkl', save_model=True, seq_len=12, spatial_channels=96, test_file='./data/metr_la/test_sts.npz', toy_data=False, train_file='./data/metr_la/train_sts.npz', val_file='./data/metr_la/val_sts.npz', weight_decay=0.95)
