INFO:root:Namespace(batch_size=16, bottleneck_channels=128, cd=6, convolution_operator='SGC', cs=6, dropout=0.1, dropout_att=0.5, forecast_horizon=[3], gpu=True, h_batch_size=None, h_bottleneck_channels=None, h_dropout=None, h_dropout_att=None, h_lr=None, h_spatial_channels=None, hidden_state_size=264, k=8, learnable_l=False, log_file='./studies/sgc-nl.log', lr=0.001, mode='train', model='P3D', model_name='SGC-nl', my_config='./configs/sgc-nl.yml', n_epochs=30, n_hid=100, n_trials=100, nclass=1, nhid_multipliers=None, num_features=2, num_nodes=207, num_units=1000, pickled_files='metr_la/adj_mx_la.pkl', save_model=True, seq_len=12, spatial_channels=96, test_file='./data/metr_la/test_sts.npz', toy_data=False, train_file='./data/metr_la/train_sts.npz', val_file='./data/metr_la/val_sts.npz', weight_decay=0.95)
INFO:__main__:epoch: 0
INFO:__main__:Mean train-loss over batch: 187.3770
INFO:__main__:Mean validation-loss over batch: 184.4781
INFO:__main__:Save model to path on epoch 0
INFO:__main__:epoch: 1
INFO:__main__:Mean train-loss over batch: 121.6251
INFO:__main__:Mean validation-loss over batch: 131.3275
INFO:__main__:Save model to path on epoch 1
INFO:__main__:epoch: 2
INFO:__main__:Mean train-loss over batch: 106.3665
INFO:__main__:Mean validation-loss over batch: 111.1203
INFO:__main__:Save model to path on epoch 2
INFO:__main__:epoch: 3
INFO:__main__:Mean train-loss over batch: 98.0340
INFO:__main__:Mean validation-loss over batch: 104.4790
INFO:__main__:Save model to path on epoch 3
INFO:__main__:epoch: 4
INFO:__main__:Mean train-loss over batch: 93.6204
INFO:__main__:Mean validation-loss over batch: 108.7973
INFO:__main__:epoch: 5
INFO:__main__:Mean train-loss over batch: 90.8854
INFO:__main__:Mean validation-loss over batch: 113.2350
INFO:__main__:epoch: 6
INFO:__main__:Mean train-loss over batch: 88.8252
INFO:__main__:Mean validation-loss over batch: 101.1717
INFO:__main__:Save model to path on epoch 6
INFO:__main__:epoch: 7
INFO:__main__:Mean train-loss over batch: 86.2975
INFO:__main__:Mean validation-loss over batch: 118.3836
INFO:__main__:epoch: 8
INFO:__main__:Mean train-loss over batch: 85.1149
INFO:__main__:Mean validation-loss over batch: 99.5807
INFO:__main__:Save model to path on epoch 8
INFO:__main__:epoch: 9
INFO:__main__:Mean train-loss over batch: 84.0356
INFO:__main__:Mean validation-loss over batch: 98.8435
INFO:__main__:Save model to path on epoch 9
INFO:__main__:epoch: 10
INFO:__main__:Mean train-loss over batch: 82.9045
INFO:__main__:Mean validation-loss over batch: 99.0860
INFO:__main__:epoch: 11
INFO:__main__:Mean train-loss over batch: 81.1448
INFO:__main__:Mean validation-loss over batch: 95.9282
INFO:__main__:Save model to path on epoch 11
INFO:__main__:epoch: 12
INFO:__main__:Mean train-loss over batch: 80.4916
INFO:__main__:Mean validation-loss over batch: 101.7482
INFO:__main__:epoch: 13
INFO:__main__:Mean train-loss over batch: 79.8210
INFO:__main__:Mean validation-loss over batch: 96.8783
INFO:__main__:epoch: 14
INFO:__main__:Mean train-loss over batch: 78.1528
INFO:__main__:Mean validation-loss over batch: 103.6062
INFO:__main__:epoch: 15
INFO:__main__:Mean train-loss over batch: 78.3004
INFO:__main__:Mean validation-loss over batch: 94.1441
INFO:__main__:Save model to path on epoch 15
INFO:__main__:epoch: 16
INFO:__main__:Mean train-loss over batch: 77.8238
INFO:__main__:Mean validation-loss over batch: 94.5874
INFO:__main__:epoch: 17
INFO:__main__:Mean train-loss over batch: 76.4435
INFO:__main__:Mean validation-loss over batch: 94.3277
INFO:__main__:epoch: 18
INFO:__main__:Mean train-loss over batch: 75.7413
INFO:__main__:Mean validation-loss over batch: 96.0272
INFO:__main__:epoch: 19
INFO:__main__:Mean train-loss over batch: 75.9961
INFO:__main__:Mean validation-loss over batch: 95.1706
INFO:__main__:epoch: 20
INFO:__main__:Mean train-loss over batch: 74.9807
INFO:__main__:Mean validation-loss over batch: 96.9831
INFO:__main__:epoch: 21
INFO:__main__:Mean train-loss over batch: 74.5638
INFO:__main__:Mean validation-loss over batch: 96.6706
INFO:__main__:epoch: 22
INFO:__main__:Mean train-loss over batch: 74.1594
INFO:__main__:Mean validation-loss over batch: 95.0563
INFO:__main__:epoch: 23
INFO:__main__:Mean train-loss over batch: 74.1471
INFO:__main__:Mean validation-loss over batch: 95.3311
INFO:__main__:epoch: 24
INFO:__main__:Mean train-loss over batch: 73.1862
INFO:__main__:Mean validation-loss over batch: 97.4330
INFO:__main__:epoch: 25
INFO:__main__:Mean train-loss over batch: 73.0731
INFO:__main__:Mean validation-loss over batch: 92.7607
INFO:__main__:Save model to path on epoch 25
INFO:__main__:epoch: 26
INFO:__main__:Mean train-loss over batch: 72.6288
INFO:__main__:Mean validation-loss over batch: 93.6706
INFO:__main__:epoch: 27
INFO:__main__:Mean train-loss over batch: 72.7062
INFO:__main__:Mean validation-loss over batch: 91.6940
INFO:__main__:Save model to path on epoch 27
INFO:__main__:epoch: 28
INFO:__main__:Mean train-loss over batch: 72.0676
INFO:__main__:Mean validation-loss over batch: 106.8474
INFO:__main__:epoch: 29
INFO:__main__:Mean train-loss over batch: 71.6461
INFO:__main__:Mean validation-loss over batch: 92.2620
INFO:root:Namespace(batch_size=16, bottleneck_channels=128, cd=6, convolution_operator='SGC', cs=6, dropout=0.1, dropout_att=0.5, forecast_horizon=[3], gpu=True, h_batch_size=None, h_bottleneck_channels=None, h_dropout=None, h_dropout_att=None, h_lr=None, h_spatial_channels=None, hidden_state_size=264, k=8, learnable_l=False, log_file='./studies/sgc-nl.log', lr=0.001, mode='test', model='P3D', model_name='SGC-nl', my_config='./configs/sgc-nl.yml', n_epochs=30, n_hid=100, n_trials=100, nclass=1, nhid_multipliers=None, num_features=2, num_nodes=207, num_units=1000, pickled_files='metr_la/adj_mx_la.pkl', save_model=True, seq_len=12, spatial_channels=96, test_file='./data/metr_la/test_sts.npz', toy_data=False, train_file='./data/metr_la/train_sts.npz', val_file='./data/metr_la/val_sts.npz', weight_decay=0.95)
INFO:__main__:Iterate over the test-split...
INFO:__main__:Mean loss over test dataset: 307.6552
INFO:root:Namespace(batch_size=16, bottleneck_channels=128, cd=6, convolution_operator='SGC', cs=6, dropout=0.1, dropout_att=0.5, forecast_horizon=[3], gpu=True, h_batch_size=None, h_bottleneck_channels=None, h_dropout=None, h_dropout_att=None, h_lr=None, h_spatial_channels=None, hidden_state_size=264, k=8, learnable_l=False, log_file='./studies/sgc-nl.log', lr=0.001, mode='test', model='P3D', model_name='SGC-nl', my_config='./configs/sgc-nl.yml', n_epochs=30, n_hid=100, n_trials=100, nclass=1, nhid_multipliers=None, num_features=2, num_nodes=207, num_units=1000, pickled_files='metr_la/adj_mx_la.pkl', save_model=True, seq_len=12, spatial_channels=96, test_file='./data/metr_la/test_sts.npz', toy_data=False, train_file='./data/metr_la/train_sts.npz', val_file='./data/metr_la/val_sts.npz', weight_decay=0.95)
INFO:root:Namespace(batch_size=16, bottleneck_channels=128, cd=6, convolution_operator='SGC', cs=6, dropout=0.1, dropout_att=0.5, forecast_horizon=[3], gpu=True, h_batch_size=None, h_bottleneck_channels=None, h_dropout=None, h_dropout_att=None, h_lr=None, h_spatial_channels=None, hidden_state_size=264, k=8, learnable_l=False, log_file='./studies/sgc-nl.log', lr=0.001, mode='test', model='P3D', model_name='SGC-nl', my_config='./configs/sgc-nl.yml', n_epochs=30, n_hid=100, n_trials=100, nclass=1, nhid_multipliers=None, num_features=2, num_nodes=207, num_units=1000, pickled_files='metr_la/adj_mx_la.pkl', save_model=True, seq_len=12, spatial_channels=96, test_file='./data/metr_la/test_sts.npz', toy_data=False, train_file='./data/metr_la/train_sts.npz', val_file='./data/metr_la/val_sts.npz', weight_decay=0.95)
INFO:__main__:Iterate over the test-split...
