INFO:root:Namespace(batch_size=16, bottleneck_channels=128, cd=6, convolution_operator='AGC', cs=6, dropout=0.5, dropout_att=0.1, forecast_horizon=[3], gpu=True, h_batch_size=None, h_bottleneck_channels=None, h_dropout=None, h_dropout_att=None, h_lr=None, h_spatial_channels=None, hidden_state_size=264, k=8, learnable_l=False, log_file='./studies/pems_bay/agc.log', lr=0.001, mode='train', model='P3D', model_name='AGC', my_config='./configs/pems_bay/agc.yml', n_epochs=30, n_hid=100, n_trials=100, nclass=1, nhid_multipliers=None, num_features=2, num_nodes=325, num_units=1000, pickled_files='pems_bay/adj_mx_bay.pkl', save_model=True, seq_len=12, spatial_channels=96, test_file='./data/pems_bay/test_sts.npz', toy_data=False, train_file='./data/pems_bay/train_sts.npz', val_file='./data/pems_bay/val_sts.npz', weight_decay=0.95)
INFO:__main__:epoch: 0
INFO:__main__:Mean train-loss over batch: 44.5196
INFO:__main__:Mean validation-loss over batch: 32.9640
INFO:__main__:Save model to path on epoch 0
INFO:__main__:epoch: 1
INFO:__main__:Mean train-loss over batch: 28.5983
INFO:__main__:Mean validation-loss over batch: 31.0285
INFO:__main__:Save model to path on epoch 1
INFO:__main__:epoch: 2
INFO:__main__:Mean train-loss over batch: 25.4000
INFO:__main__:Mean validation-loss over batch: 26.6259
INFO:__main__:Save model to path on epoch 2
INFO:__main__:epoch: 3
INFO:__main__:Mean train-loss over batch: 22.4293
INFO:__main__:Mean validation-loss over batch: 25.9458
INFO:__main__:Save model to path on epoch 3
INFO:__main__:epoch: 4
INFO:__main__:Mean train-loss over batch: 21.2537
INFO:__main__:Mean validation-loss over batch: 24.7399
INFO:__main__:Save model to path on epoch 4
INFO:__main__:epoch: 5
INFO:__main__:Mean train-loss over batch: 20.4905
INFO:__main__:Mean validation-loss over batch: 24.5977
INFO:__main__:Save model to path on epoch 5
INFO:__main__:epoch: 6
INFO:__main__:Mean train-loss over batch: 19.8884
INFO:__main__:Mean validation-loss over batch: 24.0123
INFO:__main__:Save model to path on epoch 6
INFO:__main__:epoch: 7
INFO:__main__:Mean train-loss over batch: 19.3828
INFO:__main__:Mean validation-loss over batch: 24.0878
INFO:__main__:epoch: 8
INFO:__main__:Mean train-loss over batch: 18.9955
INFO:__main__:Mean validation-loss over batch: 24.1566
INFO:__main__:epoch: 9
INFO:__main__:Mean train-loss over batch: 18.7419
INFO:__main__:Mean validation-loss over batch: 25.8697
INFO:__main__:epoch: 10
INFO:__main__:Mean train-loss over batch: 18.4675
INFO:__main__:Mean validation-loss over batch: 23.6249
INFO:__main__:Save model to path on epoch 10
INFO:__main__:epoch: 11
INFO:__main__:Mean train-loss over batch: 18.1274
INFO:__main__:Mean validation-loss over batch: 23.3398
INFO:__main__:Save model to path on epoch 11
INFO:__main__:epoch: 12
INFO:__main__:Mean train-loss over batch: 17.8870
INFO:__main__:Mean validation-loss over batch: 23.0276
INFO:__main__:Save model to path on epoch 12
INFO:__main__:epoch: 13
INFO:__main__:Mean train-loss over batch: 17.6944
INFO:__main__:Mean validation-loss over batch: 23.5560
INFO:__main__:epoch: 14
INFO:__main__:Mean train-loss over batch: 17.4591
INFO:__main__:Mean validation-loss over batch: 23.1529
INFO:__main__:epoch: 15
INFO:__main__:Mean train-loss over batch: 17.2988
INFO:__main__:Mean validation-loss over batch: 23.6003
INFO:__main__:epoch: 16
INFO:__main__:Mean train-loss over batch: 17.1566
INFO:__main__:Mean validation-loss over batch: 23.2289
INFO:__main__:epoch: 17
INFO:__main__:Mean train-loss over batch: 17.0062
INFO:__main__:Mean validation-loss over batch: 22.3987
INFO:__main__:Save model to path on epoch 17
INFO:__main__:epoch: 18
INFO:__main__:Mean train-loss over batch: 16.8135
INFO:__main__:Mean validation-loss over batch: 22.3433
INFO:__main__:Save model to path on epoch 18
INFO:__main__:epoch: 19
INFO:__main__:Mean train-loss over batch: 16.6534
INFO:__main__:Mean validation-loss over batch: 23.0273
INFO:__main__:epoch: 20
INFO:__main__:Mean train-loss over batch: 16.5538
INFO:__main__:Mean validation-loss over batch: 23.1998
INFO:__main__:epoch: 21
INFO:__main__:Mean train-loss over batch: 16.4769
INFO:__main__:Mean validation-loss over batch: 22.2257
INFO:__main__:Save model to path on epoch 21
INFO:__main__:epoch: 22
INFO:__main__:Mean train-loss over batch: 16.3049
INFO:__main__:Mean validation-loss over batch: 22.2309
INFO:__main__:epoch: 23
INFO:__main__:Mean train-loss over batch: 16.1748
INFO:__main__:Mean validation-loss over batch: 21.8694
INFO:__main__:Save model to path on epoch 23
INFO:__main__:epoch: 24
INFO:__main__:Mean train-loss over batch: 16.0535
INFO:__main__:Mean validation-loss over batch: 21.7828
INFO:__main__:Save model to path on epoch 24
INFO:__main__:epoch: 25
INFO:__main__:Mean train-loss over batch: 15.9516
INFO:__main__:Mean validation-loss over batch: 21.7626
INFO:__main__:Save model to path on epoch 25
INFO:__main__:epoch: 26
INFO:__main__:Mean train-loss over batch: 15.8677
INFO:__main__:Mean validation-loss over batch: 22.1990
INFO:__main__:epoch: 27
INFO:__main__:Mean train-loss over batch: 15.7618
INFO:__main__:Mean validation-loss over batch: 22.4944
INFO:__main__:epoch: 28
INFO:__main__:Mean train-loss over batch: 15.7217
INFO:__main__:Mean validation-loss over batch: 22.2451
INFO:__main__:epoch: 29
INFO:__main__:Mean train-loss over batch: 15.6257
INFO:__main__:Mean validation-loss over batch: 22.0811
INFO:root:Namespace(batch_size=16, bottleneck_channels=128, cd=6, convolution_operator='AGC', cs=6, dropout=0.5, dropout_att=0.1, forecast_horizon=[3], gpu=True, h_batch_size=None, h_bottleneck_channels=None, h_dropout=None, h_dropout_att=None, h_lr=None, h_spatial_channels=None, hidden_state_size=264, k=8, learnable_l=False, log_file='./studies/pems_bay/agc.log', lr=0.001, mode='test', model='P3D', model_name='AGC', my_config='./configs/pems_bay/agc.yml', n_epochs=30, n_hid=100, n_trials=100, nclass=1, nhid_multipliers=None, num_features=2, num_nodes=325, num_units=1000, pickled_files='pems_bay/adj_mx_bay.pkl', save_model=True, seq_len=12, spatial_channels=96, test_file='./data/pems_bay/test_sts.npz', toy_data=False, train_file='./data/pems_bay/train_sts.npz', val_file='./data/pems_bay/val_sts.npz', weight_decay=0.95)
INFO:__main__:Iterate over the test-split...
INFO:__main__:Mean loss over test dataset: 22.3217
