INFO:root:Namespace(batch_size=16, bottleneck_channels=128, cd=6, convolution_operator='ASGC', cs=6, dropout=0.1, dropout_att=0.5, forecast_horizon=[3], gpu=True, h_batch_size=None, h_bottleneck_channels=None, h_dropout=None, h_dropout_att=None, h_lr=None, h_spatial_channels=None, hidden_state_size=264, k=8, learnable_l=False, log_file='./studies/pems_bay/asgc.log', lr=0.001, mode='train', model='P3D', model_name='ASGC', my_config='./configs/pems_bay/asgc.yml', n_epochs=30, n_hid=100, n_trials=100, nclass=1, nhid_multipliers=None, num_features=2, num_nodes=325, num_units=1000, pickled_files='pems_bay/adj_mx_bay.pkl', save_model=True, seq_len=12, spatial_channels=96, test_file='./data/pems_bay/test_sts.npz', toy_data=False, train_file='./data/pems_bay/train_sts.npz', val_file='./data/pems_bay/val_sts.npz', weight_decay=0.95)
INFO:__main__:epoch: 0
INFO:__main__:Mean train-loss over batch: 26.6306
INFO:__main__:Mean validation-loss over batch: 24.9489
INFO:__main__:Save model to path on epoch 0
INFO:__main__:epoch: 1
INFO:__main__:Mean train-loss over batch: 19.2321
INFO:__main__:Mean validation-loss over batch: 25.7171
INFO:__main__:epoch: 2
INFO:__main__:Mean train-loss over batch: 18.0027
INFO:__main__:Mean validation-loss over batch: 24.8807
INFO:__main__:Save model to path on epoch 2
INFO:__main__:epoch: 3
INFO:__main__:Mean train-loss over batch: 17.2046
INFO:__main__:Mean validation-loss over batch: 42.1352
INFO:__main__:epoch: 4
INFO:__main__:Mean train-loss over batch: 16.6329
INFO:__main__:Mean validation-loss over batch: 22.3828
INFO:__main__:Save model to path on epoch 4
INFO:__main__:epoch: 5
INFO:__main__:Mean train-loss over batch: 15.9730
INFO:__main__:Mean validation-loss over batch: 22.0520
INFO:__main__:Save model to path on epoch 5
INFO:__main__:epoch: 6
INFO:__main__:Mean train-loss over batch: 15.7737
INFO:__main__:Mean validation-loss over batch: 21.4130
INFO:__main__:Save model to path on epoch 6
INFO:__main__:epoch: 7
INFO:__main__:Mean train-loss over batch: 15.2634
INFO:__main__:Mean validation-loss over batch: 23.0096
INFO:__main__:epoch: 8
INFO:__main__:Mean train-loss over batch: 14.8662
INFO:__main__:Mean validation-loss over batch: 20.6935
INFO:__main__:Save model to path on epoch 8
INFO:__main__:epoch: 9
INFO:__main__:Mean train-loss over batch: 14.5640
INFO:__main__:Mean validation-loss over batch: 22.2717
INFO:__main__:epoch: 10
INFO:__main__:Mean train-loss over batch: 14.3322
INFO:__main__:Mean validation-loss over batch: 20.4110
INFO:__main__:Save model to path on epoch 10
INFO:__main__:epoch: 11
INFO:__main__:Mean train-loss over batch: 14.0211
INFO:__main__:Mean validation-loss over batch: 20.5990
INFO:__main__:epoch: 12
INFO:__main__:Mean train-loss over batch: 13.8616
INFO:__main__:Mean validation-loss over batch: 20.5931
INFO:__main__:epoch: 13
INFO:__main__:Mean train-loss over batch: 13.5848
INFO:__main__:Mean validation-loss over batch: 20.5877
INFO:__main__:epoch: 14
INFO:__main__:Mean train-loss over batch: 13.4874
INFO:__main__:Mean validation-loss over batch: 21.0337
INFO:__main__:epoch: 15
INFO:__main__:Mean train-loss over batch: 13.2401
INFO:__main__:Mean validation-loss over batch: 20.2424
INFO:__main__:Save model to path on epoch 15
INFO:__main__:epoch: 16
INFO:__main__:Mean train-loss over batch: 13.0693
INFO:__main__:Mean validation-loss over batch: 21.9003
INFO:__main__:epoch: 17
INFO:__main__:Mean train-loss over batch: 12.9306
INFO:__main__:Mean validation-loss over batch: 20.2653
INFO:__main__:epoch: 18
INFO:__main__:Mean train-loss over batch: 12.7729
INFO:__main__:Mean validation-loss over batch: 19.8448
INFO:__main__:Save model to path on epoch 18
INFO:__main__:epoch: 19
INFO:__main__:Mean train-loss over batch: 12.6637
INFO:__main__:Mean validation-loss over batch: 20.1863
INFO:__main__:epoch: 20
INFO:__main__:Mean train-loss over batch: 12.5382
INFO:__main__:Mean validation-loss over batch: 20.0105
INFO:__main__:epoch: 21
INFO:__main__:Mean train-loss over batch: 12.4013
INFO:__main__:Mean validation-loss over batch: 19.6714
INFO:__main__:Save model to path on epoch 21
INFO:__main__:epoch: 22
INFO:__main__:Mean train-loss over batch: 12.2958
INFO:__main__:Mean validation-loss over batch: 22.3483
INFO:__main__:epoch: 23
INFO:__main__:Mean train-loss over batch: 12.2248
INFO:__main__:Mean validation-loss over batch: 19.6107
INFO:__main__:Save model to path on epoch 23
INFO:__main__:epoch: 24
INFO:__main__:Mean train-loss over batch: 12.1483
INFO:__main__:Mean validation-loss over batch: 22.4878
INFO:__main__:epoch: 25
INFO:__main__:Mean train-loss over batch: 12.0825
INFO:__main__:Mean validation-loss over batch: 20.0304
INFO:__main__:epoch: 26
INFO:__main__:Mean train-loss over batch: 11.9035
INFO:__main__:Mean validation-loss over batch: 19.7747
INFO:__main__:epoch: 27
INFO:__main__:Mean train-loss over batch: 11.8777
INFO:__main__:Mean validation-loss over batch: 27.4472
INFO:__main__:epoch: 28
INFO:__main__:Mean train-loss over batch: 11.8608
INFO:__main__:Mean validation-loss over batch: 19.5024
INFO:__main__:Save model to path on epoch 28
INFO:__main__:epoch: 29
INFO:__main__:Mean train-loss over batch: 11.6681
INFO:__main__:Mean validation-loss over batch: 19.5876
INFO:root:Namespace(batch_size=16, bottleneck_channels=128, cd=6, convolution_operator='ASGC', cs=6, dropout=0.1, dropout_att=0.5, forecast_horizon=[3], gpu=True, h_batch_size=None, h_bottleneck_channels=None, h_dropout=None, h_dropout_att=None, h_lr=None, h_spatial_channels=None, hidden_state_size=264, k=8, learnable_l=False, log_file='./studies/pems_bay/asgc.log', lr=0.001, mode='test', model='P3D', model_name='ASGC', my_config='./configs/pems_bay/asgc.yml', n_epochs=30, n_hid=100, n_trials=100, nclass=1, nhid_multipliers=None, num_features=2, num_nodes=325, num_units=1000, pickled_files='pems_bay/adj_mx_bay.pkl', save_model=True, seq_len=12, spatial_channels=96, test_file='./data/pems_bay/test_sts.npz', toy_data=False, train_file='./data/pems_bay/train_sts.npz', val_file='./data/pems_bay/val_sts.npz', weight_decay=0.95)
INFO:__main__:Iterate over the test-split...
INFO:__main__:Mean loss over test dataset: 20.4013
