INFO:root:Namespace(batch_size=16, bottleneck_channels=128, cd=6, convolution_operator='ASGCP', cs=6, dropout=0.5, dropout_att=0.1, forecast_horizon=[3], gpu=True, h_batch_size=None, h_bottleneck_channels=None, h_dropout=None, h_dropout_att=None, h_lr=None, h_spatial_channels=None, hidden_state_size=264, k=8, learnable_l=False, log_file='./studies/pems_bay/asgcp.log', lr=0.001, mode='train', model='P3D', model_name='ASGCP', my_config='./configs/pems_bay/asgcp.yml', n_epochs=30, n_hid=100, n_trials=100, nclass=1, nhid_multipliers=None, num_features=2, num_nodes=325, num_units=1000, pickled_files='pems_bay/adj_mx_bay.pkl', save_model=True, seq_len=12, spatial_channels=96, test_file='./data/pems_bay/test_sts.npz', toy_data=False, train_file='./data/pems_bay/train_sts.npz', val_file='./data/pems_bay/val_sts.npz', weight_decay=0.95)
INFO:__main__:epoch: 0
INFO:__main__:Mean train-loss over batch: 28.3308
INFO:__main__:Mean validation-loss over batch: 32.0246
INFO:__main__:Save model to path on epoch 0
INFO:__main__:epoch: 1
INFO:__main__:Mean train-loss over batch: 20.2198
INFO:__main__:Mean validation-loss over batch: 64.4167
INFO:__main__:epoch: 2
INFO:__main__:Mean train-loss over batch: 18.8703
INFO:__main__:Mean validation-loss over batch: 22.7297
INFO:__main__:Save model to path on epoch 2
INFO:__main__:epoch: 3
INFO:__main__:Mean train-loss over batch: 17.2006
INFO:__main__:Mean validation-loss over batch: 22.4570
INFO:__main__:Save model to path on epoch 3
INFO:__main__:epoch: 4
INFO:__main__:Mean train-loss over batch: 16.2525
INFO:__main__:Mean validation-loss over batch: 20.9942
INFO:__main__:Save model to path on epoch 4
INFO:__main__:epoch: 5
INFO:__main__:Mean train-loss over batch: 15.3951
INFO:__main__:Mean validation-loss over batch: 20.8562
INFO:__main__:Save model to path on epoch 5
INFO:__main__:epoch: 6
INFO:__main__:Mean train-loss over batch: 14.7898
INFO:__main__:Mean validation-loss over batch: 22.9369
INFO:__main__:epoch: 7
INFO:__main__:Mean train-loss over batch: 14.2396
INFO:__main__:Mean validation-loss over batch: 20.3456
INFO:__main__:Save model to path on epoch 7
INFO:__main__:epoch: 8
INFO:__main__:Mean train-loss over batch: 13.7916
INFO:__main__:Mean validation-loss over batch: 19.4575
INFO:__main__:Save model to path on epoch 8
INFO:__main__:epoch: 9
INFO:__main__:Mean train-loss over batch: 13.3887
INFO:__main__:Mean validation-loss over batch: 19.3159
INFO:__main__:Save model to path on epoch 9
INFO:__main__:epoch: 10
INFO:__main__:Mean train-loss over batch: 13.0404
INFO:__main__:Mean validation-loss over batch: 19.7232
INFO:__main__:epoch: 11
INFO:__main__:Mean train-loss over batch: 12.7972
INFO:__main__:Mean validation-loss over batch: 19.6969
INFO:__main__:epoch: 12
INFO:__main__:Mean train-loss over batch: 12.5079
INFO:__main__:Mean validation-loss over batch: 19.1341
INFO:__main__:Save model to path on epoch 12
INFO:__main__:epoch: 13
INFO:__main__:Mean train-loss over batch: 12.2721
INFO:__main__:Mean validation-loss over batch: 19.5937
INFO:__main__:epoch: 14
INFO:__main__:Mean train-loss over batch: 12.1148
INFO:__main__:Mean validation-loss over batch: 22.6758
INFO:__main__:epoch: 15
INFO:__main__:Mean train-loss over batch: 12.0630
INFO:__main__:Mean validation-loss over batch: 18.9295
INFO:__main__:Save model to path on epoch 15
INFO:__main__:epoch: 16
INFO:__main__:Mean train-loss over batch: 11.7622
INFO:__main__:Mean validation-loss over batch: 18.9076
INFO:__main__:Save model to path on epoch 16
INFO:__main__:epoch: 17
INFO:__main__:Mean train-loss over batch: 23.4424
INFO:__main__:Mean validation-loss over batch: 27.1540
INFO:__main__:epoch: 18
INFO:__main__:Mean train-loss over batch: 18.8105
INFO:__main__:Mean validation-loss over batch: 25.6227
INFO:__main__:epoch: 19
INFO:__main__:Mean train-loss over batch: 17.6680
INFO:__main__:Mean validation-loss over batch: 23.7294
INFO:__main__:epoch: 20
INFO:__main__:Mean train-loss over batch: 16.8715
INFO:__main__:Mean validation-loss over batch: 22.8697
INFO:__main__:epoch: 21
INFO:__main__:Mean train-loss over batch: 16.3441
INFO:__main__:Mean validation-loss over batch: 22.5655
INFO:__main__:epoch: 22
INFO:__main__:Mean train-loss over batch: 15.8118
INFO:__main__:Mean validation-loss over batch: 22.2975
INFO:__main__:epoch: 23
INFO:__main__:Mean train-loss over batch: 15.3914
INFO:__main__:Mean validation-loss over batch: 22.5439
INFO:__main__:epoch: 24
INFO:__main__:Mean train-loss over batch: 14.9524
INFO:__main__:Mean validation-loss over batch: 21.0675
INFO:__main__:epoch: 25
INFO:__main__:Mean train-loss over batch: 14.5641
INFO:__main__:Mean validation-loss over batch: 22.1064
INFO:__main__:epoch: 26
INFO:__main__:Mean train-loss over batch: 14.2127
INFO:__main__:Mean validation-loss over batch: 21.1669
INFO:__main__:epoch: 27
INFO:__main__:Mean train-loss over batch: 13.9044
INFO:__main__:Mean validation-loss over batch: 22.5440
INFO:__main__:epoch: 28
INFO:__main__:Mean train-loss over batch: 13.5540
INFO:__main__:Mean validation-loss over batch: 19.9207
INFO:__main__:epoch: 29
INFO:__main__:Mean train-loss over batch: 13.2202
INFO:__main__:Mean validation-loss over batch: 20.0426
INFO:root:Namespace(batch_size=16, bottleneck_channels=128, cd=6, convolution_operator='ASGCP', cs=6, dropout=0.5, dropout_att=0.1, forecast_horizon=[3], gpu=True, h_batch_size=None, h_bottleneck_channels=None, h_dropout=None, h_dropout_att=None, h_lr=None, h_spatial_channels=None, hidden_state_size=264, k=8, learnable_l=False, log_file='./studies/pems_bay/asgcp.log', lr=0.001, mode='test', model='P3D', model_name='ASGCP', my_config='./configs/pems_bay/asgcp.yml', n_epochs=30, n_hid=100, n_trials=100, nclass=1, nhid_multipliers=None, num_features=2, num_nodes=325, num_units=1000, pickled_files='pems_bay/adj_mx_bay.pkl', save_model=True, seq_len=12, spatial_channels=96, test_file='./data/pems_bay/test_sts.npz', toy_data=False, train_file='./data/pems_bay/train_sts.npz', val_file='./data/pems_bay/val_sts.npz', weight_decay=0.95)
INFO:__main__:Iterate over the test-split...
INFO:__main__:Mean loss over test dataset: 38.3869
