INFO:root:Namespace(batch_size=16, bottleneck_channels=128, cd=6, convolution_operator='GC', cs=6, dropout=0.1, dropout_att=0.5, forecast_horizon=[3], gpu=True, h_batch_size=None, h_bottleneck_channels=None, h_dropout=None, h_dropout_att=None, h_lr=None, h_spatial_channels=None, hidden_state_size=264, k=8, learnable_l=True, log_file='./studies/pems_bay/gc-l.log', lr=0.001, mode='train', model='P3D', model_name='GC-l', my_config='./configs/pems_bay/gc-l.yml', n_epochs=30, n_hid=100, n_trials=100, nclass=1, nhid_multipliers=None, num_features=2, num_nodes=325, num_units=1000, pickled_files='pems_bay/adj_mx_bay.pkl', save_model=True, seq_len=12, spatial_channels=96, test_file='./data/pems_bay/test_sts.npz', toy_data=False, train_file='./data/pems_bay/train_sts.npz', val_file='./data/pems_bay/val_sts.npz', weight_decay=0.95)
INFO:__main__:epoch: 0
INFO:__main__:Mean train-loss over batch: 18.5765
INFO:__main__:Mean validation-loss over batch: 15.3002
INFO:__main__:Save model to path on epoch 0
INFO:__main__:epoch: 1
INFO:__main__:Mean train-loss over batch: 9.8677
INFO:__main__:Mean validation-loss over batch: 13.4168
INFO:__main__:Save model to path on epoch 1
INFO:__main__:epoch: 2
INFO:__main__:Mean train-loss over batch: 8.7569
INFO:__main__:Mean validation-loss over batch: 12.0007
INFO:__main__:Save model to path on epoch 2
INFO:__main__:epoch: 3
INFO:__main__:Mean train-loss over batch: 8.2584
INFO:__main__:Mean validation-loss over batch: 12.2162
INFO:__main__:epoch: 4
INFO:__main__:Mean train-loss over batch: 7.9124
INFO:__main__:Mean validation-loss over batch: 11.8291
INFO:__main__:Save model to path on epoch 4
INFO:__main__:epoch: 5
INFO:__main__:Mean train-loss over batch: 7.6310
INFO:__main__:Mean validation-loss over batch: 12.2929
INFO:__main__:epoch: 6
INFO:__main__:Mean train-loss over batch: 7.3972
INFO:__main__:Mean validation-loss over batch: 11.4192
INFO:__main__:Save model to path on epoch 6
INFO:__main__:epoch: 7
INFO:__main__:Mean train-loss over batch: 7.1985
INFO:__main__:Mean validation-loss over batch: 11.3001
INFO:__main__:Save model to path on epoch 7
INFO:__main__:epoch: 8
INFO:__main__:Mean train-loss over batch: 7.0908
INFO:__main__:Mean validation-loss over batch: 10.8887
INFO:__main__:Save model to path on epoch 8
INFO:__main__:epoch: 9
INFO:__main__:Mean train-loss over batch: 6.8931
INFO:__main__:Mean validation-loss over batch: 11.3359
INFO:__main__:epoch: 10
INFO:__main__:Mean train-loss over batch: 6.8087
INFO:__main__:Mean validation-loss over batch: 11.3922
INFO:__main__:epoch: 11
INFO:__main__:Mean train-loss over batch: 6.6920
INFO:__main__:Mean validation-loss over batch: 11.0178
INFO:__main__:epoch: 12
INFO:__main__:Mean train-loss over batch: 6.6009
INFO:__main__:Mean validation-loss over batch: 10.9817
INFO:__main__:epoch: 13
INFO:__main__:Mean train-loss over batch: 6.4649
INFO:__main__:Mean validation-loss over batch: 12.0741
INFO:__main__:epoch: 14
INFO:__main__:Mean train-loss over batch: 6.4049
INFO:__main__:Mean validation-loss over batch: 11.1405
INFO:__main__:epoch: 15
INFO:__main__:Mean train-loss over batch: 6.3346
INFO:__main__:Mean validation-loss over batch: 10.8966
INFO:__main__:epoch: 16
INFO:__main__:Mean train-loss over batch: 6.2372
INFO:__main__:Mean validation-loss over batch: 12.4262
INFO:__main__:epoch: 17
INFO:__main__:Mean train-loss over batch: 6.1665
INFO:__main__:Mean validation-loss over batch: 11.1497
INFO:__main__:epoch: 18
INFO:__main__:Mean train-loss over batch: 6.1015
INFO:__main__:Mean validation-loss over batch: 11.3430
INFO:__main__:epoch: 19
INFO:__main__:Mean train-loss over batch: 6.0094
INFO:__main__:Mean validation-loss over batch: 11.1690
INFO:__main__:epoch: 20
INFO:__main__:Mean train-loss over batch: 5.9726
INFO:__main__:Mean validation-loss over batch: 12.8615
INFO:__main__:epoch: 21
INFO:__main__:Mean train-loss over batch: 5.9077
INFO:__main__:Mean validation-loss over batch: 11.1581
INFO:__main__:epoch: 22
INFO:__main__:Mean train-loss over batch: 5.8468
INFO:__main__:Mean validation-loss over batch: 11.2724
INFO:__main__:epoch: 23
INFO:__main__:Mean train-loss over batch: 5.8145
INFO:__main__:Mean validation-loss over batch: 11.2806
INFO:__main__:epoch: 24
INFO:__main__:Mean train-loss over batch: 5.7623
INFO:__main__:Mean validation-loss over batch: 12.4998
INFO:__main__:epoch: 25
INFO:__main__:Mean train-loss over batch: 5.7165
INFO:__main__:Mean validation-loss over batch: 11.2733
INFO:__main__:epoch: 26
INFO:__main__:Mean train-loss over batch: 5.6613
INFO:__main__:Mean validation-loss over batch: 11.2796
INFO:__main__:epoch: 27
INFO:__main__:Mean train-loss over batch: 5.6353
INFO:__main__:Mean validation-loss over batch: 11.6442
INFO:__main__:epoch: 28
INFO:__main__:Mean train-loss over batch: 5.5911
INFO:__main__:Mean validation-loss over batch: 11.6454
INFO:__main__:epoch: 29
INFO:__main__:Mean train-loss over batch: 5.5397
INFO:__main__:Mean validation-loss over batch: 11.5567
INFO:root:Namespace(batch_size=16, bottleneck_channels=128, cd=6, convolution_operator='GC', cs=6, dropout=0.1, dropout_att=0.5, forecast_horizon=[3], gpu=True, h_batch_size=None, h_bottleneck_channels=None, h_dropout=None, h_dropout_att=None, h_lr=None, h_spatial_channels=None, hidden_state_size=264, k=8, learnable_l=True, log_file='./studies/pems_bay/gc-l.log', lr=0.001, mode='test', model='P3D', model_name='GC-l', my_config='./configs/pems_bay/gc-l.yml', n_epochs=30, n_hid=100, n_trials=100, nclass=1, nhid_multipliers=None, num_features=2, num_nodes=325, num_units=1000, pickled_files='pems_bay/adj_mx_bay.pkl', save_model=True, seq_len=12, spatial_channels=96, test_file='./data/pems_bay/test_sts.npz', toy_data=False, train_file='./data/pems_bay/train_sts.npz', val_file='./data/pems_bay/val_sts.npz', weight_decay=0.95)
INFO:__main__:Iterate over the test-split...
INFO:__main__:Mean loss over test dataset: 11.5170
