INFO:root:Namespace(batch_size=16, bottleneck_channels=128, cd=6, convolution_operator='SGC', cs=6, dropout=0.1, dropout_att=0.5, forecast_horizon=[3], gpu=True, h_batch_size=None, h_bottleneck_channels=None, h_dropout=None, h_dropout_att=None, h_lr=None, h_spatial_channels=None, hidden_state_size=264, k=8, learnable_l=True, log_file='./studies/pems_bay/sgc-l.log', lr=0.001, mode='train', model='P3D', model_name='SGC-l', my_config='configs/pems_bay/sgc-l.yml', n_epochs=5, n_hid=100, n_trials=100, nclass=1, nhid_multipliers=None, num_features=2, num_nodes=207, num_units=1000, pickled_files='pems_bay/adj_mx_bay.pkl', save_model=True, seq_len=12, spatial_channels=96, test_file='./data/pems_bay/test_sts.npz', toy_data=False, train_file='./data/pems_bay/train_sts.npz', val_file='./data/pems_bay/val_sts.npz', weight_decay=0.95)
INFO:root:Namespace(batch_size=16, bottleneck_channels=128, cd=6, convolution_operator='SGC', cs=6, dropout=0.1, dropout_att=0.5, forecast_horizon=[3], gpu=True, h_batch_size=None, h_bottleneck_channels=None, h_dropout=None, h_dropout_att=None, h_lr=None, h_spatial_channels=None, hidden_state_size=264, k=8, learnable_l=True, log_file='./studies/pems_bay/sgc-l.log', lr=0.001, mode='train', model='P3D', model_name='SGC-l', my_config='configs/pems_bay/sgc-l.yml', n_epochs=30, n_hid=100, n_trials=100, nclass=1, nhid_multipliers=None, num_features=2, num_nodes=325, num_units=1000, pickled_files='pems_bay/adj_mx_bay.pkl', save_model=True, seq_len=12, spatial_channels=96, test_file='./data/pems_bay/test_sts.npz', toy_data=False, train_file='./data/pems_bay/train_sts.npz', val_file='./data/pems_bay/val_sts.npz', weight_decay=0.95)
INFO:__main__:epoch: 0
INFO:__main__:Mean train-loss over batch: 15.2200
INFO:__main__:Mean validation-loss over batch: 12.5132
INFO:__main__:Save model to path on epoch 0
INFO:__main__:epoch: 1
INFO:__main__:Mean train-loss over batch: 8.6439
INFO:__main__:Mean validation-loss over batch: 11.8890
INFO:__main__:Save model to path on epoch 1
INFO:__main__:epoch: 2
INFO:__main__:Mean train-loss over batch: 7.8829
INFO:__main__:Mean validation-loss over batch: 10.6760
INFO:__main__:Save model to path on epoch 2
INFO:__main__:epoch: 3
INFO:__main__:Mean train-loss over batch: 7.4493
INFO:__main__:Mean validation-loss over batch: 12.5046
INFO:__main__:epoch: 4
INFO:__main__:Mean train-loss over batch: 7.1004
INFO:__main__:Mean validation-loss over batch: 10.5954
INFO:__main__:Save model to path on epoch 4
INFO:__main__:epoch: 5
INFO:__main__:Mean train-loss over batch: 6.8527
INFO:__main__:Mean validation-loss over batch: 10.0128
INFO:__main__:Save model to path on epoch 5
INFO:__main__:epoch: 6
INFO:__main__:Mean train-loss over batch: 6.6337
INFO:__main__:Mean validation-loss over batch: 10.4504
INFO:__main__:epoch: 7
INFO:__main__:Mean train-loss over batch: 6.9200
INFO:__main__:Mean validation-loss over batch: 50.8543
INFO:__main__:epoch: 8
INFO:__main__:Mean train-loss over batch: 6.6624
INFO:__main__:Mean validation-loss over batch: 10.4545
INFO:__main__:epoch: 9
INFO:__main__:Mean train-loss over batch: 6.2248
INFO:__main__:Mean validation-loss over batch: 10.3065
INFO:__main__:epoch: 10
INFO:__main__:Mean train-loss over batch: 6.1180
INFO:__main__:Mean validation-loss over batch: 9.9744
INFO:__main__:Save model to path on epoch 10
INFO:__main__:epoch: 11
INFO:__main__:Mean train-loss over batch: 6.0030
INFO:__main__:Mean validation-loss over batch: 10.3592
INFO:__main__:epoch: 12
INFO:__main__:Mean train-loss over batch: 5.8893
INFO:__main__:Mean validation-loss over batch: 10.1481
INFO:__main__:epoch: 13
INFO:__main__:Mean train-loss over batch: 5.8114
INFO:__main__:Mean validation-loss over batch: 10.7481
INFO:__main__:epoch: 14
INFO:__main__:Mean train-loss over batch: 5.7366
INFO:__main__:Mean validation-loss over batch: 10.7350
INFO:__main__:epoch: 15
INFO:__main__:Mean train-loss over batch: 5.6414
INFO:__main__:Mean validation-loss over batch: 10.5121
INFO:__main__:epoch: 16
INFO:__main__:Mean train-loss over batch: 5.5870
INFO:__main__:Mean validation-loss over batch: 11.3100
INFO:__main__:epoch: 17
INFO:__main__:Mean train-loss over batch: 5.4972
INFO:__main__:Mean validation-loss over batch: 10.5902
INFO:__main__:epoch: 18
INFO:__main__:Mean train-loss over batch: 5.4255
INFO:__main__:Mean validation-loss over batch: 10.7248
INFO:__main__:epoch: 19
INFO:__main__:Mean train-loss over batch: 5.3720
INFO:__main__:Mean validation-loss over batch: 10.6992
INFO:__main__:epoch: 20
INFO:__main__:Mean train-loss over batch: 5.3189
INFO:__main__:Mean validation-loss over batch: 11.2627
INFO:__main__:epoch: 21
INFO:__main__:Mean train-loss over batch: 5.2436
INFO:__main__:Mean validation-loss over batch: 10.5586
INFO:__main__:epoch: 22
INFO:__main__:Mean train-loss over batch: 5.2099
INFO:__main__:Mean validation-loss over batch: 10.5600
INFO:__main__:epoch: 23
INFO:__main__:Mean train-loss over batch: 5.1285
INFO:__main__:Mean validation-loss over batch: 10.7232
INFO:__main__:epoch: 24
INFO:__main__:Mean train-loss over batch: 5.0865
INFO:__main__:Mean validation-loss over batch: 10.9299
INFO:__main__:epoch: 25
INFO:__main__:Mean train-loss over batch: 5.0409
INFO:__main__:Mean validation-loss over batch: 10.8758
INFO:__main__:epoch: 26
INFO:__main__:Mean train-loss over batch: 4.9907
INFO:__main__:Mean validation-loss over batch: 10.9390
INFO:__main__:epoch: 27
INFO:__main__:Mean train-loss over batch: 4.9614
INFO:__main__:Mean validation-loss over batch: 11.0855
INFO:__main__:epoch: 28
INFO:__main__:Mean train-loss over batch: 4.9085
INFO:__main__:Mean validation-loss over batch: 11.0121
INFO:__main__:epoch: 29
INFO:__main__:Mean train-loss over batch: 4.8801
INFO:__main__:Mean validation-loss over batch: 11.0205
INFO:root:Namespace(batch_size=16, bottleneck_channels=128, cd=6, convolution_operator='SGC', cs=6, dropout=0.1, dropout_att=0.5, forecast_horizon=[3], gpu=True, h_batch_size=None, h_bottleneck_channels=None, h_dropout=None, h_dropout_att=None, h_lr=None, h_spatial_channels=None, hidden_state_size=264, k=8, learnable_l=True, log_file='./studies/pems_bay/sgc-l.log', lr=0.001, mode='test', model='P3D', model_name='SGC-l', my_config='configs/pems_bay/sgc-l.yml', n_epochs=30, n_hid=100, n_trials=100, nclass=1, nhid_multipliers=None, num_features=2, num_nodes=325, num_units=1000, pickled_files='pems_bay/adj_mx_bay.pkl', save_model=True, seq_len=12, spatial_channels=96, test_file='./data/pems_bay/test_sts.npz', toy_data=False, train_file='./data/pems_bay/train_sts.npz', val_file='./data/pems_bay/val_sts.npz', weight_decay=0.95)
INFO:__main__:Iterate over the test-split...
INFO:__main__:Mean loss over test dataset: 10.4432
